# JRE version: OpenJDK Runtime Environment (11.0.10) (build 11.0.10+0-b96-7249189)
# Java VM: OpenJDK 64-Bit Server VM (11.0.10+0-b96-7249189, mixed mode, tiered, compressed oops, g1 gc, windows-amd64)
Heap:
 garbage-first heap   total 297984K, used 237553K [0x00000000a0000000, 0x0000000100000000)
  region size 1024K, 125 young (128000K), 1 survivors (1024K)
 Metaspace       used 85311K, capacity 87893K, committed 88192K, reserved 1126400K
  class space    used 10697K, capacity 11578K, committed 11648K, reserved 1048576K
GC Heap History (20 events):
Event: 257.334 GC heap before
{Heap before GC invocations=84 (full 0):
 garbage-first heap   total 297984K, used 125250K [0x00000000a0000000, 0x0000000100000000)
  region size 1024K, 32 young (32768K), 4 survivors (4096K)
 Metaspace       used 85278K, capacity 87828K, committed 87936K, reserved 1126400K
  class space    used 10697K, capacity 11578K, committed 11648K, reserved 1048576K
}
Event: 257.367 GC heap after
{Heap after GC invocations=85 (full 0):
 garbage-first heap   total 297984K, used 98360K [0x00000000a0000000, 0x0000000100000000)
  region size 1024K, 3 young (3072K), 3 survivors (3072K)
 Metaspace       used 85278K, capacity 87828K, committed 87936K, reserved 1126400K
  class space    used 10697K, capacity 11578K, committed 11648K, reserved 1048576K
}
Event: 257.783 GC heap before
{Heap before GC invocations=85 (full 0):
 garbage-first heap   total 297984K, used 130104K [0x00000000a0000000, 0x0000000100000000)
  region size 1024K, 36 young (36864K), 3 survivors (3072K)
 Metaspace       used 85279K, capacity 87828K, committed 87936K, reserved 1126400K
  class space    used 10697K, capacity 11578K, committed 11648K, reserved 1048576K
}
Event: 257.915 GC heap after
{Heap after GC invocations=86 (full 0):
 garbage-first heap   total 297984K, used 99195K [0x00000000a0000000, 0x0000000100000000)
  region size 1024K, 4 young (4096K), 4 survivors (4096K)
 Metaspace       used 85279K, capacity 87828K, committed 87936K, reserved 1126400K
  class space    used 10697K, capacity 11578K, committed 11648K, reserved 1048576K
}
Event: 258.266 GC heap before
{Heap before GC invocations=86 (full 0):
 garbage-first heap   total 297984K, used 134011K [0x00000000a0000000, 0x0000000100000000)
  region size 1024K, 39 young (39936K), 4 survivors (4096K)
 Metaspace       used 85281K, capacity 87828K, committed 87936K, reserved 1126400K
  class space    used 10697K, capacity 11578K, committed 11648K, reserved 1048576K
}
Event: 258.289 GC heap after
{Heap after GC invocations=87 (full 0):
 garbage-first heap   total 297984K, used 100070K [0x00000000a0000000, 0x0000000100000000)
  region size 1024K, 4 young (4096K), 4 survivors (4096K)
 Metaspace       used 85281K, capacity 87828K, committed 87936K, reserved 1126400K
  class space    used 10697K, capacity 11578K, committed 11648K, reserved 1048576K
}
Event: 258.944 GC heap before
{Heap before GC invocations=87 (full 0):
 garbage-first heap   total 297984K, used 147174K [0x00000000a0000000, 0x0000000100000000)
  region size 1024K, 51 young (52224K), 4 survivors (4096K)
 Metaspace       used 85281K, capacity 87828K, committed 87936K, reserved 1126400K
  class space    used 10697K, capacity 11578K, committed 11648K, reserved 1048576K
}
Event: 258.970 GC heap after
{Heap after GC invocations=88 (full 0):
 garbage-first heap   total 297984K, used 99916K [0x00000000a0000000, 0x0000000100000000)
  region size 1024K, 4 young (4096K), 4 survivors (4096K)
 Metaspace       used 85281K, capacity 87828K, committed 87936K, reserved 1126400K
  class space    used 10697K, capacity 11578K, committed 11648K, reserved 1048576K
}
Event: 260.809 GC heap before
{Heap before GC invocations=88 (full 0):
 garbage-first heap   total 297984K, used 163404K [0x00000000a0000000, 0x0000000100000000)
  region size 1024K, 67 young (68608K), 4 survivors (4096K)
 Metaspace       used 85283K, capacity 87828K, committed 87936K, reserved 1126400K
  class space    used 10697K, capacity 11578K, committed 11648K, reserved 1048576K
}
Event: 260.860 GC heap after
{Heap after GC invocations=89 (full 0):
 garbage-first heap   total 297984K, used 100940K [0x00000000a0000000, 0x0000000100000000)
  region size 1024K, 5 young (5120K), 5 survivors (5120K)
 Metaspace       used 85283K, capacity 87828K, committed 87936K, reserved 1126400K
  class space    used 10697K, capacity 11578K, committed 11648K, reserved 1048576K
}
Event: 263.905 GC heap before
{Heap before GC invocations=89 (full 0):
 garbage-first heap   total 297984K, used 186956K [0x00000000a0000000, 0x0000000100000000)
  region size 1024K, 88 young (90112K), 5 survivors (5120K)
 Metaspace       used 85291K, capacity 87829K, committed 87936K, reserved 1126400K
  class space    used 10697K, capacity 11578K, committed 11648K, reserved 1048576K
}
Event: 264.415 GC heap after
{Heap after GC invocations=90 (full 0):
 garbage-first heap   total 297984K, used 106171K [0x00000000a0000000, 0x0000000100000000)
  region size 1024K, 9 young (9216K), 9 survivors (9216K)
 Metaspace       used 85291K, capacity 87829K, committed 87936K, reserved 1126400K
  class space    used 10697K, capacity 11578K, committed 11648K, reserved 1048576K
}
Event: 265.032 GC heap before
{Heap before GC invocations=90 (full 0):
 garbage-first heap   total 297984K, used 145083K [0x00000000a0000000, 0x0000000100000000)
  region size 1024K, 48 young (49152K), 9 survivors (9216K)
 Metaspace       used 85293K, capacity 87829K, committed 87936K, reserved 1126400K
  class space    used 10697K, capacity 11578K, committed 11648K, reserved 1048576K
}
Event: 265.101 GC heap after
{Heap after GC invocations=91 (full 0):
 garbage-first heap   total 297984K, used 103210K [0x00000000a0000000, 0x0000000100000000)
  region size 1024K, 4 young (4096K), 4 survivors (4096K)
 Metaspace       used 85293K, capacity 87829K, committed 87936K, reserved 1126400K
  class space    used 10697K, capacity 11578K, committed 11648K, reserved 1048576K
}
Event: 266.075 GC heap before
{Heap before GC invocations=91 (full 0):
 garbage-first heap   total 297984K, used 157482K [0x00000000a0000000, 0x0000000100000000)
  region size 1024K, 58 young (59392K), 4 survivors (4096K)
 Metaspace       used 85296K, capacity 87829K, committed 87936K, reserved 1126400K
  class space    used 10697K, capacity 11578K, committed 11648K, reserved 1048576K
}
Event: 266.121 GC heap after
{Heap after GC invocations=92 (full 0):
 garbage-first heap   total 297984K, used 104026K [0x00000000a0000000, 0x0000000100000000)
  region size 1024K, 5 young (5120K), 5 survivors (5120K)
 Metaspace       used 85296K, capacity 87829K, committed 87936K, reserved 1126400K
  class space    used 10697K, capacity 11578K, committed 11648K, reserved 1048576K
}
Event: 267.488 GC heap before
{Heap before GC invocations=92 (full 0):
 garbage-first heap   total 297984K, used 183898K [0x00000000a0000000, 0x0000000100000000)
  region size 1024K, 84 young (86016K), 5 survivors (5120K)
 Metaspace       used 85300K, capacity 87829K, committed 87936K, reserved 1126400K
  class space    used 10697K, capacity 11578K, committed 11648K, reserved 1048576K
}
Event: 267.502 GC heap after
{Heap after GC invocations=93 (full 0):
 garbage-first heap   total 297984K, used 103661K [0x00000000a0000000, 0x0000000100000000)
  region size 1024K, 5 young (5120K), 5 survivors (5120K)
 Metaspace       used 85300K, capacity 87829K, committed 87936K, reserved 1126400K
  class space    used 10697K, capacity 11578K, committed 11648K, reserved 1048576K
}
Event: 270.118 GC heap before
{Heap before GC invocations=93 (full 0):
 garbage-first heap   total 297984K, used 236781K [0x00000000a0000000, 0x0000000100000000)
  region size 1024K, 136 young (139264K), 5 survivors (5120K)
 Metaspace       used 85308K, capacity 87893K, committed 88192K, reserved 1126400K
  class space    used 10697K, capacity 11578K, committed 11648K, reserved 1048576K
}
Event: 270.241 GC heap after
{Heap after GC invocations=94 (full 0):
 garbage-first heap   total 297984K, used 110577K [0x00000000a0000000, 0x0000000100000000)
  region size 1024K, 12 young (12288K), 12 survivors (12288K)
 Metaspace       used 85308K, capacity 87893K, committed 88192K, reserved 1126400K
  class space    used 10697K, capacity 11578K, committed 11648K, reserved 1048576K
}

